Build started 7/6/2015 12:20:10 PM.
     1>Project "C:\Users\student\Desktop\Min Hoo L\Batman\Batman\Batman.vcxproj" on node 2 (ClCompile target(s)).
     1>ClCompile:
         C:\Program Files (x86)\Microsoft Visual Studio 12.0\VC\bin\CL.exe /c /ZI /nologo /W3 /WX- /Od /Oy- /D WIN32 /D _DEBUG /D _CONSOLE /D _LIB /D _UNICODE /D UNICODE /Gm /EHsc /RTC1 /MDd /GS /fp:precise /Zc:wchar_t /Zc:forScope /Fo"Debug\\" /Fd"Debug\vc120.pdb" /Gd /TP /analyze- /errorReport:prompt main.cpp
         main.cpp
     1>c:\users\student\desktop\min hoo l\batman\batman\main.cpp(11): error C2059: syntax error : ';'
     1>Done Building Project "C:\Users\student\Desktop\Min Hoo L\Batman\Batman\Batman.vcxproj" (ClCompile target(s)) -- FAILED.

Build FAILED.

Time Elapsed 00:00:00.29
